# JRE version: OpenJDK Runtime Environment Temurin-17.0.7+7 (17.0.7+7) (build 17.0.7+7)
# Java VM: OpenJDK 64-Bit Server VM Temurin-17.0.7+7 (17.0.7+7, mixed mode, sharing, tiered, compressed oops, compressed class ptrs, g1 gc, windows-amd64)
GC Precious Log:
 CPUs: 4 total, 4 available
 Memory: 6064M
 Large Page Support: Disabled
 NUMA Support: Disabled
 Compressed Oops: Enabled (32-bit)
 Heap Region Size: 1M
 Heap Min Capacity: 8M
 Heap Initial Capacity: 96M
 Heap Max Capacity: 1518M
 Pre-touch: Disabled
 Parallel Workers: 4
 Concurrent Workers: 1
 Concurrent Refinement Workers: 4
 Periodic GC: Disabled
Heap:
 garbage-first heap   total 66560K, used 43752K [0x00000000a1200000, 0x0000000100000000)
  region size 1024K, 16 young (16384K), 1 survivors (1024K)
 Metaspace       used 33125K, committed 33408K, reserved 1114112K
  class space    used 3782K, committed 3904K, reserved 1048576K
GC Heap History (20 events):
Event: 4.735 GC heap before
{Heap before GC invocations=1 (full 0):
 garbage-first heap   total 98304K, used 16432K [0x00000000a1200000, 0x0000000100000000)
  region size 1024K, 15 young (15360K), 2 survivors (2048K)
 Metaspace       used 5208K, committed 5376K, reserved 1114112K
  class space    used 609K, committed 704K, reserved 1048576K
}
Event: 4.742 GC heap after
{Heap after GC invocations=2 (full 0):
 garbage-first heap   total 98304K, used 3905K [0x00000000a1200000, 0x0000000100000000)
  region size 1024K, 1 young (1024K), 1 survivors (1024K)
 Metaspace       used 5208K, committed 5376K, reserved 1114112K
  class space    used 609K, committed 704K, reserved 1048576K
}
Event: 8.330 GC heap before
{Heap before GC invocations=2 (full 0):
 garbage-first heap   total 98304K, used 32577K [0x00000000a1200000, 0x0000000100000000)
  region size 1024K, 29 young (29696K), 1 survivors (1024K)
 Metaspace       used 10260K, committed 10432K, reserved 1114112K
  class space    used 1255K, committed 1344K, reserved 1048576K
}
Event: 8.340 GC heap after
{Heap after GC invocations=3 (full 0):
 garbage-first heap   total 98304K, used 5865K [0x00000000a1200000, 0x0000000100000000)
  region size 1024K, 3 young (3072K), 3 survivors (3072K)
 Metaspace       used 10260K, committed 10432K, reserved 1114112K
  class space    used 1255K, committed 1344K, reserved 1048576K
}
Event: 19.924 GC heap before
{Heap before GC invocations=3 (full 0):
 garbage-first heap   total 98304K, used 58089K [0x00000000a1200000, 0x0000000100000000)
  region size 1024K, 55 young (56320K), 3 survivors (3072K)
 Metaspace       used 21286K, committed 21504K, reserved 1114112K
  class space    used 2500K, committed 2624K, reserved 1048576K
}
Event: 19.947 GC heap after
{Heap after GC invocations=4 (full 0):
 garbage-first heap   total 98304K, used 11443K [0x00000000a1200000, 0x0000000100000000)
  region size 1024K, 8 young (8192K), 8 survivors (8192K)
 Metaspace       used 21286K, committed 21504K, reserved 1114112K
  class space    used 2500K, committed 2624K, reserved 1048576K
}
Event: 21.210 GC heap before
{Heap before GC invocations=5 (full 0):
 garbage-first heap   total 45056K, used 29875K [0x00000000a1200000, 0x0000000100000000)
  region size 1024K, 26 young (26624K), 8 survivors (8192K)
 Metaspace       used 21733K, committed 22016K, reserved 1114112K
  class space    used 2531K, committed 2688K, reserved 1048576K
}
Event: 21.233 GC heap after
{Heap after GC invocations=6 (full 0):
 garbage-first heap   total 45056K, used 13355K [0x00000000a1200000, 0x0000000100000000)
  region size 1024K, 2 young (2048K), 2 survivors (2048K)
 Metaspace       used 21733K, committed 22016K, reserved 1114112K
  class space    used 2531K, committed 2688K, reserved 1048576K
}
Event: 21.296 GC heap before
{Heap before GC invocations=6 (full 0):
 garbage-first heap   total 45056K, used 14379K [0x00000000a1200000, 0x0000000100000000)
  region size 1024K, 3 young (3072K), 2 survivors (2048K)
 Metaspace       used 21759K, committed 22016K, reserved 1114112K
  class space    used 2531K, committed 2688K, reserved 1048576K
}
Event: 21.301 GC heap after
{Heap after GC invocations=7 (full 0):
 garbage-first heap   total 45056K, used 13317K [0x00000000a1200000, 0x0000000100000000)
  region size 1024K, 1 young (1024K), 1 survivors (1024K)
 Metaspace       used 21759K, committed 22016K, reserved 1114112K
  class space    used 2531K, committed 2688K, reserved 1048576K
}
Event: 26.638 GC heap before
{Heap before GC invocations=7 (full 0):
 garbage-first heap   total 45056K, used 32773K [0x00000000a1200000, 0x0000000100000000)
  region size 1024K, 20 young (20480K), 1 survivors (1024K)
 Metaspace       used 22430K, committed 22720K, reserved 1114112K
  class space    used 2546K, committed 2688K, reserved 1048576K
}
Event: 26.643 GC heap after
{Heap after GC invocations=8 (full 0):
 garbage-first heap   total 66560K, used 13510K [0x00000000a1200000, 0x0000000100000000)
  region size 1024K, 1 young (1024K), 1 survivors (1024K)
 Metaspace       used 22430K, committed 22720K, reserved 1114112K
  class space    used 2546K, committed 2688K, reserved 1048576K
}
Event: 32.184 GC heap before
{Heap before GC invocations=8 (full 0):
 garbage-first heap   total 66560K, used 52422K [0x00000000a1200000, 0x0000000100000000)
  region size 1024K, 35 young (35840K), 1 survivors (1024K)
 Metaspace       used 32132K, committed 32384K, reserved 1114112K
  class space    used 3734K, committed 3840K, reserved 1048576K
}
Event: 32.209 GC heap after
{Heap after GC invocations=9 (full 0):
 garbage-first heap   total 66560K, used 27129K [0x00000000a1200000, 0x0000000100000000)
  region size 1024K, 5 young (5120K), 5 survivors (5120K)
 Metaspace       used 32132K, committed 32384K, reserved 1114112K
  class space    used 3734K, committed 3840K, reserved 1048576K
}
Event: 41.467 GC heap before
{Heap before GC invocations=9 (full 0):
 garbage-first heap   total 66560K, used 46585K [0x00000000a1200000, 0x0000000100000000)
  region size 1024K, 24 young (24576K), 5 survivors (5120K)
 Metaspace       used 32687K, committed 32960K, reserved 1114112K
  class space    used 3775K, committed 3904K, reserved 1048576K
}
Event: 41.483 GC heap after
{Heap after GC invocations=10 (full 0):
 garbage-first heap   total 66560K, used 28944K [0x00000000a1200000, 0x0000000100000000)
  region size 1024K, 2 young (2048K), 2 survivors (2048K)
 Metaspace       used 32687K, committed 32960K, reserved 1114112K
  class space    used 3775K, committed 3904K, reserved 1048576K
}
Event: 52.316 GC heap before
{Heap before GC invocations=10 (full 0):
 garbage-first heap   total 66560K, used 48400K [0x00000000a1200000, 0x0000000100000000)
  region size 1024K, 21 young (21504K), 2 survivors (2048K)
 Metaspace       used 32860K, committed 33152K, reserved 1114112K
  class space    used 3776K, committed 3904K, reserved 1048576K
}
Event: 52.322 GC heap after
{Heap after GC invocations=11 (full 0):
 garbage-first heap   total 66560K, used 29156K [0x00000000a1200000, 0x0000000100000000)
  region size 1024K, 2 young (2048K), 2 survivors (2048K)
 Metaspace       used 32860K, committed 33152K, reserved 1114112K
  class space    used 3776K, committed 3904K, reserved 1048576K
}
Event: 56.489 GC heap before
{Heap before GC invocations=11 (full 0):
 garbage-first heap   total 66560K, used 49636K [0x00000000a1200000, 0x0000000100000000)
  region size 1024K, 22 young (22528K), 2 survivors (2048K)
 Metaspace       used 32978K, committed 33280K, reserved 1114112K
  class space    used 3777K, committed 3904K, reserved 1048576K
}
Event: 56.496 GC heap after
{Heap after GC invocations=12 (full 0):
 garbage-first heap   total 66560K, used 29416K [0x00000000a1200000, 0x0000000100000000)
  region size 1024K, 1 young (1024K), 1 survivors (1024K)
 Metaspace       used 32978K, committed 33280K, reserved 1114112K
  class space    used 3777K, committed 3904K, reserved 1048576K
}

